16:38:29 **** Build of configuration Debug for project UART3 ****
make all 
Building file: ../UART3.cpp
Invoking: AVR C++ Compiler
avr-g++ -Wall -g2 -gstabs -O0 -fpack-struct -fshort-enums -ffunction-sections -fdata-sections -funsigned-char -funsigned-bitfields -fno-exceptions -mmcu=atmega2560 -DF_CPU=16000000UL -MMD -MP -MF"UART3.d" -MT"UART3.d" -c -o "UART3.o" "../UART3.cpp"
Finished building: ../UART3.cpp
 
Building file: ../main.cpp
Invoking: AVR C++ Compiler
avr-g++ -Wall -g2 -gstabs -O0 -fpack-struct -fshort-enums -ffunction-sections -fdata-sections -funsigned-char -funsigned-bitfields -fno-exceptions -mmcu=atmega2560 -DF_CPU=16000000UL -MMD -MP -MF"main.d" -MT"main.d" -c -o "main.o" "../main.cpp"
In file included from ../main.cpp:7:0:
/usr/lib/avr/include/util/delay.h:95:3: warning: #warning "Compiler optimizations disabled; functions from <util/delay.h> won't work as designed" [-Wcpp]
 # warning "Compiler optimizations disabled; functions from <util/delay.h> won't work as designed"
   ^
Finished building: ../main.cpp
 
Building target: UART3.elf
Invoking: AVR C++ Linker
avr-g++ -Wl,-Map,UART3.map,--cref -mrelax -Wl,--gc-sections -mmcu=atmega2560 -o "UART3.elf"  ./UART3.o ./main.o   
Finished building target: UART3.elf
 
Invoking: AVR Create Extended Listing
avr-objdump -h -S UART3.elf  >"UART3.lss"
Finished building: UART3.lss
 
Invoking: Print Size
avr-size --format=avr --mcu=atmega2560 UART3.elf
AVR Memory Usage
----------------
Device: atmega2560

Program:    1730 bytes (0.7% Full)
(.text + .data + .bootloader)

Data:          3 bytes (0.0% Full)
(.data + .bss + .noinit)


Finished building: sizedummy
 

16:38:29 Build Finished (took 166ms)

