17:02:20 **** Incremental Build of configuration Debug for project GPIO_v1.2 ****
make all 
Building file: ../GPIO.cpp
Invoking: AVR C++ Compiler
avr-g++ -Wall -g2 -gstabs -O0 -fpack-struct -fshort-enums -ffunction-sections -fdata-sections -funsigned-char -funsigned-bitfields -fno-exceptions -mmcu=atmega2560 -DF_CPU=16000000UL -MMD -MP -MF"GPIO.d" -MT"GPIO.d" -c -o "GPIO.o" "../GPIO.cpp"
Finished building: ../GPIO.cpp
 
Building file: ../main.cpp
Invoking: AVR C++ Compiler
avr-g++ -Wall -g2 -gstabs -O0 -fpack-struct -fshort-enums -ffunction-sections -fdata-sections -funsigned-char -funsigned-bitfields -fno-exceptions -mmcu=atmega2560 -DF_CPU=16000000UL -MMD -MP -MF"main.d" -MT"main.d" -c -o "main.o" "../main.cpp"
In file included from ../main.cpp:2:0:
/usr/lib/avr/include/util/delay.h:95:3: warning: #warning "Compiler optimizations disabled; functions from <util/delay.h> won't work as designed" [-Wcpp]
 # warning "Compiler optimizations disabled; functions from <util/delay.h> won't work as designed"
   ^
Finished building: ../main.cpp
 
Building target: GPIO_v1.2.elf
Invoking: AVR C++ Linker
avr-g++ -Wl,-Map,GPIO_v1.2.map,--cref -mrelax -Wl,--gc-sections -mmcu=atmega2560 -o "GPIO_v1.2.elf"  ./GPIO.o ./main.o   
Finished building target: GPIO_v1.2.elf
 
Invoking: AVR Create Extended Listing
avr-objdump -h -S GPIO_v1.2.elf  >"GPIO_v1.2.lss"
Finished building: GPIO_v1.2.lss
 
Create Flash image (ihex format)
avr-objcopy -R .eeprom -R .fuse -R .lock -R .signature -O ihex GPIO_v1.2.elf  "GPIO_v1.2.hex"
Finished building: GPIO_v1.2.hex
 
Invoking: Print Size
avr-size --format=avr --mcu=atmega2560 GPIO_v1.2.elf
AVR Memory Usage
----------------
Device: atmega2560

Program:    2716 bytes (1.0% Full)
(.text + .data + .bootloader)

Data:         40 bytes (0.5% Full)
(.data + .bss + .noinit)


Finished building: sizedummy
 

17:02:20 Build Finished (took 179ms)

