15:12:20 **** Build of configuration Debug for project aula1 ****
make all 
Building file: ../main.cpp
Invoking: AVR C++ Compiler
avr-g++ -Wall -g2 -gstabs -O0 -fpack-struct -fshort-enums -ffunction-sections -fdata-sections -funsigned-char -funsigned-bitfields -fno-exceptions -mmcu=atmega2560 -DF_CPU=16000000UL -MMD -MP -MF"main.d" -MT"main.d" -c -o "main.o" "../main.cpp"
In file included from ../main.cpp:2:0:
/usr/lib/avr/include/util/delay.h:95:3: warning: #warning "Compiler optimizations disabled; functions from <util/delay.h> won't work as designed" [-Wcpp]
 # warning "Compiler optimizations disabled; functions from <util/delay.h> won't work as designed"
   ^
Finished building: ../main.cpp
 
Building target: aula1.elf
Invoking: AVR C++ Linker
avr-g++ -Wl,-Map,aula1.map,--cref -mrelax -Wl,--gc-sections -mmcu=atmega2560 -o "aula1.elf"  ./main.o   
Finished building target: aula1.elf
 
Invoking: AVR Create Extended Listing
avr-objdump -h -S aula1.elf  >"aula1.lss"
Finished building: aula1.lss
 
Create Flash image (ihex format)
avr-objcopy -R .eeprom -R .fuse -R .lock -R .signature -O ihex aula1.elf  "aula1.hex"
Finished building: aula1.hex
 
Invoking: Print Size
avr-size --format=avr --mcu=atmega2560 aula1.elf
AVR Memory Usage
----------------
Device: atmega2560

Program:     348 bytes (0.1% Full)
(.text + .data + .bootloader)

Data:          0 bytes (0.0% Full)
(.data + .bss + .noinit)


Finished building: sizedummy
 

15:12:20 Build Finished (took 180ms)

