14:02:56 **** Incremental Build of configuration Debug for project lab3adc ****
make all 
Invoking: Print Size
avr-size --format=avr --mcu=atmega2560 lab3adc.elf
AVR Memory Usage
----------------
Device: atmega2560

Program:     456 bytes (0.2% Full)
(.text + .data + .bootloader)

Data:          0 bytes (0.0% Full)
(.data + .bss + .noinit)


Finished building: sizedummy
 
14:34:17 **** Incremental Build of configuration Debug for project lab2serial ****
make all 
Invoking: Print Size
avr-size --format=avr --mcu=atmega2560 lab2serial.elf
AVR Memory Usage
----------------
Device: atmega2560

Program:     456 bytes (0.2% Full)
(.text + .data + .bootloader)

Data:          0 bytes (0.0% Full)
(.data + .bss + .noinit)


Finished building: sizedummy
 
14:34:17 **** Incremental Build of configuration Debug for project lab3adc ****
make all 
Invoking: Print Size
avr-size --format=avr --mcu=atmega2560 lab3adc.elf
AVR Memory Usage
----------------
Device: atmega2560

Program:     456 bytes (0.2% Full)
(.text + .data + .bootloader)

Data:          0 bytes (0.0% Full)
(.data + .bss + .noinit)


Finished building: sizedummy
 
14:34:19 **** Incremental Build of configuration Debug for project lab2serial ****
make all 
Invoking: Print Size
avr-size --format=avr --mcu=atmega2560 lab2serial.elf
AVR Memory Usage
----------------
Device: atmega2560

Program:     456 bytes (0.2% Full)
(.text + .data + .bootloader)

Data:          0 bytes (0.0% Full)
(.data + .bss + .noinit)


Finished building: sizedummy
 
14:34:19 **** Incremental Build of configuration Debug for project lab3adc ****
make all 
Invoking: Print Size
avr-size --format=avr --mcu=atmega2560 lab3adc.elf
AVR Memory Usage
----------------
Device: atmega2560

Program:     456 bytes (0.2% Full)
(.text + .data + .bootloader)

Data:          0 bytes (0.0% Full)
(.data + .bss + .noinit)


Finished building: sizedummy
 
14:35:12 **** Incremental Build of configuration Debug for project lab2serial ****
make all 
Invoking: Print Size
avr-size --format=avr --mcu=atmega2560 lab2serial.elf
AVR Memory Usage
----------------
Device: atmega2560

Program:     456 bytes (0.2% Full)
(.text + .data + .bootloader)

Data:          0 bytes (0.0% Full)
(.data + .bss + .noinit)


Finished building: sizedummy
 
14:35:12 **** Incremental Build of configuration Debug for project lab3adc ****
make all 
Invoking: Print Size
avr-size --format=avr --mcu=atmega2560 lab3adc.elf
AVR Memory Usage
----------------
Device: atmega2560

Program:     456 bytes (0.2% Full)
(.text + .data + .bootloader)

Data:          0 bytes (0.0% Full)
(.data + .bss + .noinit)


Finished building: sizedummy
 
15:10:57 **** Incremental Build of configuration Debug for project lab2serial ****
make all 
Invoking: Print Size
avr-size --format=avr --mcu=atmega2560 lab2serial.elf
AVR Memory Usage
----------------
Device: atmega2560

Program:     456 bytes (0.2% Full)
(.text + .data + .bootloader)

Data:          0 bytes (0.0% Full)
(.data + .bss + .noinit)


Finished building: sizedummy
 
15:10:57 **** Incremental Build of configuration Debug for project lab3adc ****
make all 
Building file: ../adc.cpp
Invoking: AVR C++ Compiler
avr-g++ -Wall -g2 -gstabs -O0 -fpack-struct -fshort-enums -ffunction-sections -fdata-sections -funsigned-char -funsigned-bitfields -fno-exceptions -mmcu=atmega2560 -DF_CPU=16000000UL -MMD -MP -MF"adc.d" -MT"adc.d" -c -o "adc.o" "../adc.cpp"
In file included from ../adc.cpp:2:0:
/usr/lib/avr/include/util/delay.h:95:3: warning: #warning "Compiler optimizations disabled; functions from <util/delay.h> won't work as designed" [-Wcpp]
 # warning "Compiler optimizations disabled; functions from <util/delay.h> won't work as designed"
   ^
../adc.cpp: In function ‘int main()’:
../adc.cpp:59:18: error: expected initializer before numeric constant
  uint8_t channel 5;
                  ^
../adc.cpp:67:28: error: ‘channel’ was not declared in this scope
    USART_Transmit(read_adc(channel));
                            ^
../adc.cpp:61:16: warning: unused variable ‘a’ [-Wunused-variable]
  unsigned char a;
                ^
make: *** [adc.o] Error 1
subdir.mk:18: recipe for target 'adc.o' failed
15:11:14 **** Incremental Build of configuration Debug for project lab2serial ****
make all 
Invoking: Print Size
avr-size --format=avr --mcu=atmega2560 lab2serial.elf
AVR Memory Usage
----------------
Device: atmega2560

Program:     456 bytes (0.2% Full)
(.text + .data + .bootloader)

Data:          0 bytes (0.0% Full)
(.data + .bss + .noinit)


Finished building: sizedummy
 
15:11:14 **** Incremental Build of configuration Debug for project lab3adc ****
make all 
Building file: ../adc.cpp
Invoking: AVR C++ Compiler
avr-g++ -Wall -g2 -gstabs -O0 -fpack-struct -fshort-enums -ffunction-sections -fdata-sections -funsigned-char -funsigned-bitfields -fno-exceptions -mmcu=atmega2560 -DF_CPU=16000000UL -MMD -MP -MF"adc.d" -MT"adc.d" -c -o "adc.o" "../adc.cpp"
In file included from ../adc.cpp:2:0:
/usr/lib/avr/include/util/delay.h:95:3: warning: #warning "Compiler optimizations disabled; functions from <util/delay.h> won't work as designed" [-Wcpp]
 # warning "Compiler optimizations disabled; functions from <util/delay.h> won't work as designed"
   ^
../adc.cpp: In function ‘int main()’:
../adc.cpp:59:18: error: expected initializer before numeric constant
  uint8_t channel 5;
                  ^
../adc.cpp:67:31: error: ‘channel’ was not declared in this scope
    unsigned char a = read_adc(channel);
                               ^
../adc.cpp:61:16: warning: unused variable ‘a’ [-Wunused-variable]
  unsigned char a;
                ^
subdir.mk:18: recipe for target 'adc.o' failed
make: *** [adc.o] Error 1
15:11:23 **** Incremental Build of configuration Debug for project lab2serial ****
make all 
Invoking: Print Size
avr-size --format=avr --mcu=atmega2560 lab2serial.elf
AVR Memory Usage
----------------
Device: atmega2560

Program:     456 bytes (0.2% Full)
(.text + .data + .bootloader)

Data:          0 bytes (0.0% Full)
(.data + .bss + .noinit)


Finished building: sizedummy
 
15:11:23 **** Incremental Build of configuration Debug for project lab3adc ****
make all 
Building file: ../adc.cpp
Invoking: AVR C++ Compiler
avr-g++ -Wall -g2 -gstabs -O0 -fpack-struct -fshort-enums -ffunction-sections -fdata-sections -funsigned-char -funsigned-bitfields -fno-exceptions -mmcu=atmega2560 -DF_CPU=16000000UL -MMD -MP -MF"adc.d" -MT"adc.d" -c -o "adc.o" "../adc.cpp"
In file included from ../adc.cpp:2:0:
/usr/lib/avr/include/util/delay.h:95:3: warning: #warning "Compiler optimizations disabled; functions from <util/delay.h> won't work as designed" [-Wcpp]
 # warning "Compiler optimizations disabled; functions from <util/delay.h> won't work as designed"
   ^
../adc.cpp: In function ‘int main()’:
../adc.cpp:59:18: error: expected initializer before numeric constant
  uint8_t channel 5;
                  ^
../adc.cpp:67:31: error: ‘channel’ was not declared in this scope
    unsigned char a = read_adc(channel);
                               ^
subdir.mk:18: recipe for target 'adc.o' failed
make: *** [adc.o] Error 1
15:11:40 **** Incremental Build of configuration Debug for project lab2serial ****
make all 
Invoking: Print Size
avr-size --format=avr --mcu=atmega2560 lab2serial.elf
AVR Memory Usage
----------------
Device: atmega2560

Program:     456 bytes (0.2% Full)
(.text + .data + .bootloader)

Data:          0 bytes (0.0% Full)
(.data + .bss + .noinit)


Finished building: sizedummy
 
15:11:40 **** Incremental Build of configuration Debug for project lab3adc ****
make all 
Building file: ../adc.cpp
Invoking: AVR C++ Compiler
avr-g++ -Wall -g2 -gstabs -O0 -fpack-struct -fshort-enums -ffunction-sections -fdata-sections -funsigned-char -funsigned-bitfields -fno-exceptions -mmcu=atmega2560 -DF_CPU=16000000UL -MMD -MP -MF"adc.d" -MT"adc.d" -c -o "adc.o" "../adc.cpp"
In file included from ../adc.cpp:2:0:
/usr/lib/avr/include/util/delay.h:95:3: warning: #warning "Compiler optimizations disabled; functions from <util/delay.h> won't work as designed" [-Wcpp]
 # warning "Compiler optimizations disabled; functions from <util/delay.h> won't work as designed"
   ^
../adc.cpp: In function ‘int main()’:
../adc.cpp:59:18: error: expected initializer before numeric constant
  uint8_t channel 5;
                  ^
make: *** [adc.o] Error 1
subdir.mk:18: recipe for target 'adc.o' failed
15:12:00 **** Incremental Build of configuration Debug for project lab2serial ****
make all 
Invoking: Print Size
avr-size --format=avr --mcu=atmega2560 lab2serial.elf
AVR Memory Usage
----------------
Device: atmega2560

Program:     456 bytes (0.2% Full)
(.text + .data + .bootloader)

Data:          0 bytes (0.0% Full)
(.data + .bss + .noinit)


Finished building: sizedummy
 
15:12:01 **** Incremental Build of configuration Debug for project lab3adc ****
make all 
Building file: ../adc.cpp
Invoking: AVR C++ Compiler
avr-g++ -Wall -g2 -gstabs -O0 -fpack-struct -fshort-enums -ffunction-sections -fdata-sections -funsigned-char -funsigned-bitfields -fno-exceptions -mmcu=atmega2560 -DF_CPU=16000000UL -MMD -MP -MF"adc.d" -MT"adc.d" -c -o "adc.o" "../adc.cpp"
In file included from ../adc.cpp:2:0:
/usr/lib/avr/include/util/delay.h:95:3: warning: #warning "Compiler optimizations disabled; functions from <util/delay.h> won't work as designed" [-Wcpp]
 # warning "Compiler optimizations disabled; functions from <util/delay.h> won't work as designed"
   ^
Finished building: ../adc.cpp
 
Building target: lab3adc.elf
Invoking: AVR C++ Linker
avr-g++ -Wl,-Map,lab3adc.map,--cref -mrelax -Wl,--gc-sections -mmcu=atmega2560 -o "lab3adc.elf"  ./adc.o   
Finished building target: lab3adc.elf
 
Invoking: AVR Create Extended Listing
avr-objdump -h -S lab3adc.elf  >"lab3adc.lss"
Finished building: lab3adc.lss
 
Create Flash image (ihex format)
avr-objcopy -R .eeprom -R .fuse -R .lock -R .signature -O ihex lab3adc.elf  "lab3adc.hex"
Finished building: lab3adc.hex
 
Invoking: Print Size
avr-size --format=avr --mcu=atmega2560 lab3adc.elf
AVR Memory Usage
----------------
Device: atmega2560

Program:     552 bytes (0.2% Full)
(.text + .data + .bootloader)

Data:          0 bytes (0.0% Full)
(.data + .bss + .noinit)


Finished building: sizedummy
 
15:12:02 **** Incremental Build of configuration Debug for project lab2serial ****
make all 
Invoking: Print Size
avr-size --format=avr --mcu=atmega2560 lab2serial.elf
AVR Memory Usage
----------------
Device: atmega2560

Program:     456 bytes (0.2% Full)
(.text + .data + .bootloader)

Data:          0 bytes (0.0% Full)
(.data + .bss + .noinit)


Finished building: sizedummy
 
15:12:03 **** Incremental Build of configuration Debug for project lab3adc ****
make all 
Invoking: Print Size
avr-size --format=avr --mcu=atmega2560 lab3adc.elf
AVR Memory Usage
----------------
Device: atmega2560

Program:     552 bytes (0.2% Full)
(.text + .data + .bootloader)

Data:          0 bytes (0.0% Full)
(.data + .bss + .noinit)


Finished building: sizedummy
 
15:12:13 **** Incremental Build of configuration Debug for project lab2serial ****
make all 
Invoking: Print Size
avr-size --format=avr --mcu=atmega2560 lab2serial.elf
AVR Memory Usage
----------------
Device: atmega2560

Program:     456 bytes (0.2% Full)
(.text + .data + .bootloader)

Data:          0 bytes (0.0% Full)
(.data + .bss + .noinit)


Finished building: sizedummy
 
15:12:13 **** Incremental Build of configuration Debug for project lab3adc ****
make all 
Invoking: Print Size
avr-size --format=avr --mcu=atmega2560 lab3adc.elf
AVR Memory Usage
----------------
Device: atmega2560

Program:     552 bytes (0.2% Full)
(.text + .data + .bootloader)

Data:          0 bytes (0.0% Full)
(.data + .bss + .noinit)


Finished building: sizedummy
 
15:12:55 **** Incremental Build of configuration Debug for project lab2serial ****
make all 
Invoking: Print Size
avr-size --format=avr --mcu=atmega2560 lab2serial.elf
AVR Memory Usage
----------------
Device: atmega2560

Program:     456 bytes (0.2% Full)
(.text + .data + .bootloader)

Data:          0 bytes (0.0% Full)
(.data + .bss + .noinit)


Finished building: sizedummy
 
15:12:55 **** Incremental Build of configuration Debug for project lab3adc ****
make all 
Building file: ../adc.cpp
Invoking: AVR C++ Compiler
avr-g++ -Wall -g2 -gstabs -O0 -fpack-struct -fshort-enums -ffunction-sections -fdata-sections -funsigned-char -funsigned-bitfields -fno-exceptions -mmcu=atmega2560 -DF_CPU=16000000UL -MMD -MP -MF"adc.d" -MT"adc.d" -c -o "adc.o" "../adc.cpp"
In file included from ../adc.cpp:2:0:
/usr/lib/avr/include/util/delay.h:95:3: warning: #warning "Compiler optimizations disabled; functions from <util/delay.h> won't work as designed" [-Wcpp]
 # warning "Compiler optimizations disabled; functions from <util/delay.h> won't work as designed"
   ^
Finished building: ../adc.cpp
 
Building target: lab3adc.elf
Invoking: AVR C++ Linker
avr-g++ -Wl,-Map,lab3adc.map,--cref -mrelax -Wl,--gc-sections -mmcu=atmega2560 -o "lab3adc.elf"  ./adc.o   
Finished building target: lab3adc.elf
 
Invoking: AVR Create Extended Listing
avr-objdump -h -S lab3adc.elf  >"lab3adc.lss"
Finished building: lab3adc.lss
 
Create Flash image (ihex format)
avr-objcopy -R .eeprom -R .fuse -R .lock -R .signature -O ihex lab3adc.elf  "lab3adc.hex"
Finished building: lab3adc.hex
 
Invoking: Print Size
avr-size --format=avr --mcu=atmega2560 lab3adc.elf
AVR Memory Usage
----------------
Device: atmega2560

Program:    1308 bytes (0.5% Full)
(.text + .data + .bootloader)

Data:          0 bytes (0.0% Full)
(.data + .bss + .noinit)


Finished building: sizedummy
 
