15:04:15 **** Incremental Build of configuration Debug for project UART2 ****
make all 
Building file: ../main.cpp
../main.cpp:7:19: warning: extra tokens at end of #include directive
 #include "UART2.h";
Invoking: AVR C++ Compiler
                   ^
avr-g++ -Wall -g2 -gstabs -O0 -fpack-struct -fshort-enums -ffunction-sections -fdata-sections -funsigned-char -funsigned-bitfields -fno-exceptions -mmcu=atmega2560 -DF_CPU=16000000UL -MMD -MP -MF"main.d" -MT"main.d" -c -o "main.o" "../main.cpp"
In file included from ../main.cpp:8:0:
/usr/lib/avr/include/util/delay.h:95:3: warning: #warning "Compiler optimizations disabled; functions from <util/delay.h> won't work as designed" [-Wcpp]
Finished building: ../main.cpp
 # warning "Compiler optimizations disabled; functions from <util/delay.h> won't work as designed"
   ^
 
Building target: UART2.elf
Invoking: AVR C++ Linker
avr-g++ -Wl,-Map,UART2.map,--cref -mrelax -Wl,--gc-sections -mmcu=atmega2560 -o "UART2.elf"  ./UART2.o ./main.o   
Finished building target: UART2.elf
 
Invoking: AVR Create Extended Listing
avr-objdump -h -S UART2.elf  >"UART2.lss"
Finished building: UART2.lss
 
Create Flash image (ihex format)
avr-objcopy -R .eeprom -R .fuse -R .lock -R .signature -O ihex UART2.elf  "UART2.hex"
Finished building: UART2.hex
 
Invoking: Print Size
avr-size --format=avr --mcu=atmega2560 UART2.elf
AVR Memory Usage
----------------
Device: atmega2560

Program:    1736 bytes (0.7% Full)
(.text + .data + .bootloader)

Data:          3 bytes (0.0% Full)
(.data + .bss + .noinit)


Finished building: sizedummy
 

15:04:15 Build Finished (took 139ms)

